<?xml version="1.0" encoding="UTF-8" ?>
<testsuite tests="13" failures="0" name="CucumberRunner" time="1.96" errors="0" skipped="0">
  <properties>
[...]
</properties>
  <testcase classname="| James | Smith | jsmith@gap.com | 12345678 | Alejandra Arango | 2014 | 01 | 21 |" name="Given The user is logged on &quot;https://vacations-management.herokuapp.com/users/sign_in&quot; site" time="0.008"/>
  <testcase classname="| James | Smith | jsmith@gap.com | 12345678 | Alejandra Arango | 2014 | 01 | 21 |" name="When The user enters to &apos;New Employee&apos; page" time="0"/>
  <testcase classname="| James | Smith | jsmith@gap.com | 12345678 | Alejandra Arango | 2014 | 01 | 21 |" name="And The user creates a new employee with James, Smith, jsmith@gap.com, 12345678, Alejandra Arango, 2014, 01, 21" time="0"/>
  <testcase classname="| James | Smith | jsmith@gap.com | 12345678 | Alejandra Arango | 2014 | 01 | 21 |" name="Then The new employee should be created on &apos;Listing Employees&apos; Page" time="0"/>
  <testcase classname="| James | Smith | jsmith@gap.com | 12345678 | Alejandra Arango | 2014 | 01 | 21 |" name="But The user clicks on &apos;Delete&apos; link of the created employee" time="0"/>
  <testcase classname="| James | Smith | jsmith@gap.com | 12345678 | Alejandra Arango | 2014 | 01 | 21 |" name="Then The created employee should be deleted" time="0"/>
  <testcase classname="| James | Smith | jsmith@gap.com | 12345678 | Alejandra Arango | 2014 | 01 | 21 |" name="| James | Smith | jsmith@gap.com | 12345678 | Alejandra Arango | 2014 | 01 | 21 |" time="1.158"/>
  <testcase classname="Scenario: User can login into Vacation Management system" name="Given The user is on &quot;https://vacations-management.herokuapp.com/users/sign_in&quot; site" time="0.001"/>
  <testcase classname="Scenario: User can login into Vacation Management system" name="When The user login in with right credentials" time="0"/>
  <testcase classname="Scenario: User can login into Vacation Management system" name="Then The user should see the logo of the site" time="0"/>
  <testcase classname="Scenario: User can login into Vacation Management system" name="And The user should see the successful message on the banner" time="0"/>
  <testcase classname="Scenario: User can login into Vacation Management system" name="And The user should see his name on the banner" time="0"/>
  <testcase classname="Scenario: User can login into Vacation Management system" name="Scenario: User can login into Vacation Management system" time="0.793"/>
</testsuite>